Using pre-set license
Built from '2020.3/staging' branch; Version is '2020.3.24f1 (79c78de19888) revision 7980941'; Using compiler version '192528614'; Build Type 'Release'
OS: 'Windows 11  (10.0.22000) 64bit CoreSingleLanguage' Language: 'en' Physical Memory: 8063 MB
BatchMode: 1, IsHumanControllingUs: 0, StartBugReporterOnCrash: 0, Is64bit: 1, IsPro: 0

COMMAND LINE ARGUMENTS:
C:\Program Files\Unity\Hub\Editor\2020.3.24f1\Editor\Unity.exe
-adb2
-batchMode
-noUpm
-name
AssetImportWorker0
-projectPath
C:/Users/user/Downloads/Compressed/Lab5
-logFile
Logs/AssetImportWorker0.log
-srvPort
52323
Successfully changed project path to: C:/Users/user/Downloads/Compressed/Lab5
C:/Users/user/Downloads/Compressed/Lab5
Using Asset Import Pipeline V2.
Refreshing native plugins compatible for Editor in 32.05 ms, found 2 plugins.
Preloading 0 native plugins for Editor in 0.00 ms.
Initialize engine version: 2020.3.24f1 (79c78de19888)
[Subsystems] Discovering subsystems at path C:/Program Files/Unity/Hub/Editor/2020.3.24f1/Editor/Data/Resources/UnitySubsystems
[Subsystems] Discovering subsystems at path C:/Users/user/Downloads/Compressed/Lab5/Assets
GfxDevice: creating device client; threaded=0
Direct3D:
    Version:  Direct3D 11.0 [level 11.0]
    Renderer: NVIDIA GeForce MX130 (ID=0x174d)
    Vendor:   
    VRAM:     4055 MB
    Driver:   30.0.14.9729
Initialize mono
Mono path[0] = 'C:/Program Files/Unity/Hub/Editor/2020.3.24f1/Editor/Data/Managed'
Mono path[1] = 'C:/Program Files/Unity/Hub/Editor/2020.3.24f1/Editor/Data/MonoBleedingEdge/lib/mono/unityjit'
Mono config path = 'C:/Program Files/Unity/Hub/Editor/2020.3.24f1/Editor/Data/MonoBleedingEdge/etc'
Using monoOptions --debugger-agent=transport=dt_socket,embedding=1,server=y,suspend=n,address=127.0.0.1:56272
Begin MonoManager ReloadAssembly
Registering precompiled unity dll's ...
Register platform support module: C:/Program Files/Unity/Hub/Editor/2020.3.24f1/Editor/Data/PlaybackEngines/WebGLSupport/UnityEditor.WebGL.Extensions.dll
Register platform support module: C:/Program Files/Unity/Hub/Editor/2020.3.24f1/Editor/Data/PlaybackEngines/WindowsStandaloneSupport/UnityEditor.WindowsStandalone.Extensions.dll
Registered in 0.001631 seconds.
Native extension for WindowsStandalone target not found
Native extension for WebGL target not found
Refreshing native plugins compatible for Editor in 33.15 ms, found 2 plugins.
Preloading 0 native plugins for Editor in 0.00 ms.
Mono: successfully reloaded assembly
- Completed reload, in  0.544 seconds
Domain Reload Profiling:
	ReloadAssembly (544ms)
		BeginReloadAssembly (55ms)
			ExecutionOrderSort (0ms)
			DisableScriptedObjects (0ms)
			BackupInstance (0ms)
			ReleaseScriptingObjects (0ms)
			CreateAndSetChildDomain (1ms)
		EndReloadAssembly (420ms)
			LoadAssemblies (53ms)
			RebuildTransferFunctionScriptingTraits (0ms)
			SetupTypeCache (146ms)
			ReleaseScriptCaches (0ms)
			RebuildScriptCaches (28ms)
			SetupLoadedEditorAssemblies (149ms)
				LogAssemblyErrors (0ms)
				InitializePlatformSupportModulesInManaged (4ms)
				SetLoadedEditorAssemblies (0ms)
				RefreshPlugins (33ms)
				BeforeProcessingInitializeOnLoad (15ms)
				ProcessInitializeOnLoadAttributes (72ms)
				ProcessInitializeOnLoadMethodAttributes (24ms)
				AfterProcessingInitializeOnLoad (0ms)
				EditorAssembliesLoaded (0ms)
			ExecutionOrderSort2 (0ms)
			AwakeInstancesAfterBackupRestoration (0ms)
Platform modules already initialized, skipping
Registering precompiled user dll's ...
Registered in 0.008601 seconds.
Begin MonoManager ReloadAssembly
Native extension for WindowsStandalone target not found
Native extension for WebGL target not found
Refreshing native plugins compatible for Editor in 0.37 ms, found 2 plugins.
Preloading 0 native plugins for Editor in 0.00 ms.
Mono: successfully reloaded assembly
- Completed reload, in  1.446 seconds
Domain Reload Profiling:
	ReloadAssembly (1448ms)
		BeginReloadAssembly (134ms)
			ExecutionOrderSort (0ms)
			DisableScriptedObjects (7ms)
			BackupInstance (0ms)
			ReleaseScriptingObjects (0ms)
			CreateAndSetChildDomain (19ms)
		EndReloadAssembly (1261ms)
			LoadAssemblies (79ms)
			RebuildTransferFunctionScriptingTraits (0ms)
			SetupTypeCache (266ms)
			ReleaseScriptCaches (0ms)
			RebuildScriptCaches (38ms)
			SetupLoadedEditorAssemblies (772ms)
				LogAssemblyErrors (0ms)
				InitializePlatformSupportModulesInManaged (5ms)
				SetLoadedEditorAssemblies (0ms)
				RefreshPlugins (0ms)
				BeforeProcessingInitializeOnLoad (78ms)
				ProcessInitializeOnLoadAttributes (188ms)
				ProcessInitializeOnLoadMethodAttributes (496ms)
				AfterProcessingInitializeOnLoad (4ms)
				EditorAssembliesLoaded (0ms)
			ExecutionOrderSort2 (0ms)
			AwakeInstancesAfterBackupRestoration (7ms)
Platform modules already initialized, skipping
========================================================================
Worker process is ready to serve import requests
Launched and connected shader compiler UnityShaderCompiler.exe after 0.07 seconds
Refreshing native plugins compatible for Editor in 0.49 ms, found 2 plugins.
Preloading 0 native plugins for Editor in 0.00 ms.
Unloading 1546 Unused Serialized files (Serialized files now loaded: 0)
System memory in use before: 69.7 MB.
System memory in use after: 69.8 MB.

Unloading 21 unused Assets to reduce memory usage. Loaded Objects now: 2002.
Total: 4.340800 ms (FindLiveObjects: 0.223300 ms CreateObjectMapping: 0.089200 ms MarkObjects: 3.935600 ms  DeleteObjects: 0.090800 ms)

AssetImportParameters requested are different than current active one (requested -> active):
  custom:framework-win-MediaFoundation: 216162199b28c13a410421893ffa2e32 -> 
  custom:video-decoder-ogg-theora: a1e56fd34408186e4bbccfd4996cb3dc -> 
  custom:container-muxer-webm: aa71ff27fc2769a1b78a27578f13a17b -> 
  custom:container-demuxer-webm: 4f35f7cbe854078d1ac9338744f61a02 -> 
  custom:container-demuxer-ogg: 62fdf1f143b41e24485cea50d1cbac27 -> 
  custom:video-encoder-webm-vp8: eb34c28f22e8b96e1ab97ce403110664 -> 
  custom:video-codec-MediaFoundation-h265: 746d11721c4dcdbdad8f713fa42b33f4 -> 
  custom:video-decoder-webm-vp8: 9c59270c3fd7afecdb556c50c9e8de78 -> 
  custom:audio-decoder-ogg-vorbis: bf7c407c2cedff20999df2af8eb42d56 -> 
  custom:audio-encoder-webm-vorbis: bf7c407c2cedff20999df2af8eb42d56 -> 
========================================================================
Received Import Request.
  path: Assets/Scenes
  artifactKey: Guid(afa1bf00e9a892a479a165542588b7bc) Importer(815301076,1909f56bfc062723c751e8b465ee728b)
Start importing Assets/Scenes using Guid(afa1bf00e9a892a479a165542588b7bc) Importer(815301076,1909f56bfc062723c751e8b465ee728b)  -> (artifact id: '304856237cbba47ca8ae6d118ccf195d') in 0.010905 seconds 
  Import took 0.014113 seconds .

========================================================================
Received Import Request.
  Time since last request: 0.000243 seconds.
  path: Assets/BehaviorBricks
  artifactKey: Guid(ab685cdf007abd64392776aad0ee7edd) Importer(815301076,1909f56bfc062723c751e8b465ee728b)
Start importing Assets/BehaviorBricks using Guid(ab685cdf007abd64392776aad0ee7edd) Importer(815301076,1909f56bfc062723c751e8b465ee728b)  -> (artifact id: '20ff44e32a222c8a3ddd789cd34d4ca4') in 0.007613 seconds 
  Import took 0.011213 seconds .

========================================================================
Received Import Request.
  Time since last request: 13.520126 seconds.
  path: Assets/Scenes/SampleScene.unity
  artifactKey: Guid(9fc0d4010bbf28b4594072e72b8655ab) Importer(815301076,1909f56bfc062723c751e8b465ee728b)
Start importing Assets/Scenes/SampleScene.unity using Guid(9fc0d4010bbf28b4594072e72b8655ab) Importer(815301076,1909f56bfc062723c751e8b465ee728b)  -> (artifact id: '85059f4f9e1a832ed95adaa0d25c5c4c') in 0.018532 seconds 
  Import took 0.021058 seconds .

========================================================================
Received Import Request.
  Time since last request: 56.949915 seconds.
  path: Assets/BehaviorBricks/Actions
  artifactKey: Guid(78fb23ff3d417734595026adeb7dc50f) Importer(815301076,1909f56bfc062723c751e8b465ee728b)
Start importing Assets/BehaviorBricks/Actions using Guid(78fb23ff3d417734595026adeb7dc50f) Importer(815301076,1909f56bfc062723c751e8b465ee728b)  -> (artifact id: 'af2e237c30965448fa5b2a0a19861df2') in 0.011804 seconds 
  Import took 0.016767 seconds .

========================================================================
Received Import Request.
  Time since last request: 8.310362 seconds.
  path: Assets/BehaviorBricks/Actions/System
  artifactKey: Guid(aca92ebbea7694146a5ecc9bc6814b83) Importer(815301076,1909f56bfc062723c751e8b465ee728b)
Start importing Assets/BehaviorBricks/Actions/System using Guid(aca92ebbea7694146a5ecc9bc6814b83) Importer(815301076,1909f56bfc062723c751e8b465ee728b)  -> (artifact id: '9fa7ff8fcb68952b015a7d7d51e77804') in 0.010570 seconds 
  Import took 0.014483 seconds .

========================================================================
Received Import Request.
  Time since last request: 3.779392 seconds.
  path: Assets/BehaviorBricks/Conditions/System
  artifactKey: Guid(330e50d8d69be5940a71439bf611a85c) Importer(815301076,1909f56bfc062723c751e8b465ee728b)
Start importing Assets/BehaviorBricks/Conditions/System using Guid(330e50d8d69be5940a71439bf611a85c) Importer(815301076,1909f56bfc062723c751e8b465ee728b)  -> (artifact id: '2429a85c96f0241aed4f2ab098810a34') in 0.004402 seconds 
  Import took 0.008710 seconds .

========================================================================
Received Import Request.
  Time since last request: 5.220637 seconds.
  path: Assets/BehaviorBricks/Editor/Resources
  artifactKey: Guid(0032aebf5cf20324ca07adf134c782b1) Importer(815301076,1909f56bfc062723c751e8b465ee728b)
Start importing Assets/BehaviorBricks/Editor/Resources using Guid(0032aebf5cf20324ca07adf134c782b1) Importer(815301076,1909f56bfc062723c751e8b465ee728b)  -> (artifact id: '04496881d24d654fbc93d282e4d9d2f6') in 0.010759 seconds 
  Import took 0.013518 seconds .

========================================================================
Received Import Request.
  Time since last request: 0.056721 seconds.
  path: Assets/BehaviorBricks/Editor/Resources/grid.png
  artifactKey: Guid(10d1a55a3f470ce479612156793ff138) Importer(815301076,1909f56bfc062723c751e8b465ee728b)
Start importing Assets/BehaviorBricks/Editor/Resources/grid.png using Guid(10d1a55a3f470ce479612156793ff138) Importer(815301076,1909f56bfc062723c751e8b465ee728b)  -> (artifact id: '44e30aea3e0e56b2526157a4036297dd') in 0.096432 seconds 
  Import took 0.099732 seconds .

========================================================================
Received Import Request.
  Time since last request: 5.126053 seconds.
  path: Assets/BehaviorBricks/Samples/ProgrammersQuickStartGuide
  artifactKey: Guid(08084a70b35b3874087eeadebc48f62d) Importer(815301076,1909f56bfc062723c751e8b465ee728b)
Start importing Assets/BehaviorBricks/Samples/ProgrammersQuickStartGuide using Guid(08084a70b35b3874087eeadebc48f62d) Importer(815301076,1909f56bfc062723c751e8b465ee728b)  -> (artifact id: '6712358f4008dfc98870e945e1dd890c') in 0.008055 seconds 
  Import took 0.010757 seconds .

========================================================================
Received Import Request.
  Time since last request: 3.223081 seconds.
  path: Assets/BehaviorBricks/Samples/QuickStartGuide/InitialScene
  artifactKey: Guid(b1912057cb121d8428f8190a36493350) Importer(815301076,1909f56bfc062723c751e8b465ee728b)
Start importing Assets/BehaviorBricks/Samples/QuickStartGuide/InitialScene using Guid(b1912057cb121d8428f8190a36493350) Importer(815301076,1909f56bfc062723c751e8b465ee728b)  -> (artifact id: 'a5db3d3d94afeb31ce1ada6ccbfb6dc2') in 0.009574 seconds 
  Import took 0.012192 seconds .

========================================================================
Received Import Request.
  Time since last request: 0.029087 seconds.
  path: Assets/BehaviorBricks/Samples/QuickStartGuide/InitialScene/NavMesh.asset
  artifactKey: Guid(0057c6ff34fa5324c972d374cb4d9ec8) Importer(815301076,1909f56bfc062723c751e8b465ee728b)
Start importing Assets/BehaviorBricks/Samples/QuickStartGuide/InitialScene/NavMesh.asset using Guid(0057c6ff34fa5324c972d374cb4d9ec8) Importer(815301076,1909f56bfc062723c751e8b465ee728b)  -> (artifact id: 'b53bee1dc0fb6d585928e7770e9f0cf2') in 0.017330 seconds 
  Import took 0.020274 seconds .

========================================================================
Received Import Request.
  Time since last request: 2.988472 seconds.
  path: Assets/BehaviorBricks/Samples/QuickStartGuide/InitialScene/InitialScene.unity
  artifactKey: Guid(5db99781d8e629149aa15a975f39c69d) Importer(815301076,1909f56bfc062723c751e8b465ee728b)
Start importing Assets/BehaviorBricks/Samples/QuickStartGuide/InitialScene/InitialScene.unity using Guid(5db99781d8e629149aa15a975f39c69d) Importer(815301076,1909f56bfc062723c751e8b465ee728b)  -> (artifact id: '044ac1dbd922f74fc755a13d48f4cab5') in 0.009655 seconds 
  Import took 0.012811 seconds .

========================================================================
Received Import Request.
  Time since last request: 72.114265 seconds.
  path: Assets/S__63266844.jpg
  artifactKey: Guid(4c1df2e77980e3845b9e608cdc5c10a5) Importer(815301076,1909f56bfc062723c751e8b465ee728b)
Start importing Assets/S__63266844.jpg using Guid(4c1df2e77980e3845b9e608cdc5c10a5) Importer(815301076,1909f56bfc062723c751e8b465ee728b)  -> (artifact id: '169a010bfcf34783d34247c2a46b3ccf') in 0.050133 seconds 
  Import took 0.053518 seconds .

AssetImportWorkerClient::OnTransportError - code=2 error=End of file
